Determining if the include file io.h exists failed with the following output:
Change Dir: /root/shootAnalyzer/.buildozer/android/platform/build-arm64-v8a/build/other_builds/opencv/arm64-v8a__ndk_target_21/opencv/build/CMakeFiles/CMakeTmp

Run Build Command(s):/usr/bin/gmake -f Makefile cmTC_7d6db/fast && make -j16  -f CMakeFiles/cmTC_7d6db.dir/build.make CMakeFiles/cmTC_7d6db.dir/build
make[1]: Entering directory '/root/shootAnalyzer/.buildozer/android/platform/build-arm64-v8a/build/other_builds/opencv/arm64-v8a__ndk_target_21/opencv/build/CMakeFiles/CMakeTmp'
Building C object CMakeFiles/cmTC_7d6db.dir/CheckIncludeFile.c.o
/root/.buildozer/android/platform/android-ndk-r25b/toolchains/llvm/prebuilt/linux-x86_64/bin/clang --target=aarch64-none-linux-android21 --sysroot=/root/.buildozer/android/platform/android-ndk-r25b/toolchains/llvm/prebuilt/linux-x86_64/sysroot   -g -DANDROID -fdata-sections -ffunction-sections -funwind-tables -fstack-protector-strong -no-canonical-prefixes -D_FORTIFY_SOURCE=2 -Wformat -Werror=format-security    -fsigned-char -W -Wall -Werror=return-type -Werror=non-virtual-dtor -Werror=address -Werror=sequence-point -Wformat -Werror=format-security -Wmissing-declarations -Wmissing-prototypes -Wstrict-prototypes -Wundef -Winit-self -Wpointer-arith -Wshadow -Wsign-promo -Wuninitialized -Winconsistent-missing-override -Wno-delete-non-virtual-dtor -Wno-unnamed-type-template-args -Wno-comment -Wno-deprecated-enum-enum-conversion -Wno-deprecated-anon-enum-enum-conversion -fdiagnostics-show-option -Qunused-arguments -ffunction-sections -fdata-sections    -fvisibility=hidden -fvisibility-inlines-hidden  -O3 -DNDEBUG   -DNDEBUG -fPIE -MD -MT CMakeFiles/cmTC_7d6db.dir/CheckIncludeFile.c.o -MF CMakeFiles/cmTC_7d6db.dir/CheckIncludeFile.c.o.d -o CMakeFiles/cmTC_7d6db.dir/CheckIncludeFile.c.o -c /root/shootAnalyzer/.buildozer/android/platform/build-arm64-v8a/build/other_builds/opencv/arm64-v8a__ndk_target_21/opencv/build/CMakeFiles/CMakeTmp/CheckIncludeFile.c
/root/shootAnalyzer/.buildozer/android/platform/build-arm64-v8a/build/other_builds/opencv/arm64-v8a__ndk_target_21/opencv/build/CMakeFiles/CMakeTmp/CheckIncludeFile.c:1:10: fatal error: 'io.h' file not found
#include <io.h>
         ^~~~~~
1 error generated.
make[1]: *** [CMakeFiles/cmTC_7d6db.dir/build.make:79: CMakeFiles/cmTC_7d6db.dir/CheckIncludeFile.c.o] Error 1
make[1]: Leaving directory '/root/shootAnalyzer/.buildozer/android/platform/build-arm64-v8a/build/other_builds/opencv/arm64-v8a__ndk_target_21/opencv/build/CMakeFiles/CMakeTmp'
gmake: *** [Makefile:127: cmTC_7d6db/fast] Error 2



Determining size of INT8 failed with the following output:
Change Dir: /root/shootAnalyzer/.buildozer/android/platform/build-arm64-v8a/build/other_builds/opencv/arm64-v8a__ndk_target_21/opencv/build/CMakeFiles/CMakeTmp

Run Build Command(s):/usr/bin/gmake -f Makefile cmTC_6e03f/fast && make -j16  -f CMakeFiles/cmTC_6e03f.dir/build.make CMakeFiles/cmTC_6e03f.dir/build
make[1]: Entering directory '/root/shootAnalyzer/.buildozer/android/platform/build-arm64-v8a/build/other_builds/opencv/arm64-v8a__ndk_target_21/opencv/build/CMakeFiles/CMakeTmp'
Building C object CMakeFiles/cmTC_6e03f.dir/int8.c.o
/root/.buildozer/android/platform/android-ndk-r25b/toolchains/llvm/prebuilt/linux-x86_64/bin/clang --target=aarch64-none-linux-android21 --sysroot=/root/.buildozer/android/platform/android-ndk-r25b/toolchains/llvm/prebuilt/linux-x86_64/sysroot   -g -DANDROID -fdata-sections -ffunction-sections -funwind-tables -fstack-protector-strong -no-canonical-prefixes -D_FORTIFY_SOURCE=2 -Wformat -Werror=format-security    -fsigned-char -W -Wall -Werror=return-type -Werror=non-virtual-dtor -Werror=address -Werror=sequence-point -Wformat -Werror=format-security -Wmissing-declarations -Wmissing-prototypes -Wstrict-prototypes -Wundef -Winit-self -Wpointer-arith -Wshadow -Wsign-promo -Wuninitialized -Winconsistent-missing-override -Wno-delete-non-virtual-dtor -Wno-unnamed-type-template-args -Wno-comment -Wno-deprecated-enum-enum-conversion -Wno-deprecated-anon-enum-enum-conversion -fdiagnostics-show-option -Qunused-arguments -ffunction-sections -fdata-sections    -fvisibility=hidden -fvisibility-inlines-hidden  -O3 -DNDEBUG   -DNDEBUG -fPIE -MD -MT CMakeFiles/cmTC_6e03f.dir/int8.c.o -MF CMakeFiles/cmTC_6e03f.dir/int8.c.o.d -o CMakeFiles/cmTC_6e03f.dir/int8.c.o -c /root/shootAnalyzer/.buildozer/android/platform/build-arm64-v8a/build/other_builds/opencv/arm64-v8a__ndk_target_21/opencv/build/CMakeFiles/CheckTypeSize/int8.c
/root/shootAnalyzer/.buildozer/android/platform/build-arm64-v8a/build/other_builds/opencv/arm64-v8a__ndk_target_21/opencv/build/CMakeFiles/CheckTypeSize/int8.c:29:12: error: use of undeclared identifier 'INT8'
  ('0' + ((SIZE / 10000)%10)),
           ^
/root/shootAnalyzer/.buildozer/android/platform/build-arm64-v8a/build/other_builds/opencv/arm64-v8a__ndk_target_21/opencv/build/CMakeFiles/CheckTypeSize/int8.c:27:22: note: expanded from macro 'SIZE'
#define SIZE (sizeof(INT8))
                     ^
/root/shootAnalyzer/.buildozer/android/platform/build-arm64-v8a/build/other_builds/opencv/arm64-v8a__ndk_target_21/opencv/build/CMakeFiles/CheckTypeSize/int8.c:30:12: error: use of undeclared identifier 'INT8'
  ('0' + ((SIZE / 1000)%10)),
           ^
/root/shootAnalyzer/.buildozer/android/platform/build-arm64-v8a/build/other_builds/opencv/arm64-v8a__ndk_target_21/opencv/build/CMakeFiles/CheckTypeSize/int8.c:27:22: note: expanded from macro 'SIZE'
#define SIZE (sizeof(INT8))
                     ^
/root/shootAnalyzer/.buildozer/android/platform/build-arm64-v8a/build/other_builds/opencv/arm64-v8a__ndk_target_21/opencv/build/CMakeFiles/CheckTypeSize/int8.c:31:12: error: use of undeclared identifier 'INT8'
  ('0' + ((SIZE / 100)%10)),
           ^
/root/shootAnalyzer/.buildozer/android/platform/build-arm64-v8a/build/other_builds/opencv/arm64-v8a__ndk_target_21/opencv/build/CMakeFiles/CheckTypeSize/int8.c:27:22: note: expanded from macro 'SIZE'
#define SIZE (sizeof(INT8))
                     ^
/root/shootAnalyzer/.buildozer/android/platform/build-arm64-v8a/build/other_builds/opencv/arm64-v8a__ndk_target_21/opencv/build/CMakeFiles/CheckTypeSize/int8.c:32:12: error: use of undeclared identifier 'INT8'
  ('0' + ((SIZE / 10)%10)),
           ^
/root/shootAnalyzer/.buildozer/android/platform/build-arm64-v8a/build/other_builds/opencv/arm64-v8a__ndk_target_21/opencv/build/CMakeFiles/CheckTypeSize/int8.c:27:22: note: expanded from macro 'SIZE'
#define SIZE (sizeof(INT8))
                     ^
/root/shootAnalyzer/.buildozer/android/platform/build-arm64-v8a/build/other_builds/opencv/arm64-v8a__ndk_target_21/opencv/build/CMakeFiles/CheckTypeSize/int8.c:33:12: error: use of undeclared identifier 'INT8'
  ('0' +  (SIZE    % 10)),
           ^
/root/shootAnalyzer/.buildozer/android/platform/build-arm64-v8a/build/other_builds/opencv/arm64-v8a__ndk_target_21/opencv/build/CMakeFiles/CheckTypeSize/int8.c:27:22: note: expanded from macro 'SIZE'
#define SIZE (sizeof(INT8))
                     ^
5 errors generated.
make[1]: *** [CMakeFiles/cmTC_6e03f.dir/build.make:79: CMakeFiles/cmTC_6e03f.dir/int8.c.o] Error 1
make[1]: Leaving directory '/root/shootAnalyzer/.buildozer/android/platform/build-arm64-v8a/build/other_builds/opencv/arm64-v8a__ndk_target_21/opencv/build/CMakeFiles/CMakeTmp'
gmake: *** [Makefile:127: cmTC_6e03f/fast] Error 2


/root/shootAnalyzer/.buildozer/android/platform/build-arm64-v8a/build/other_builds/opencv/arm64-v8a__ndk_target_21/opencv/build/CMakeFiles/CheckTypeSize/int8.c:
#include <sys/types.h>
#include <stdint.h>
#include <stddef.h>


#undef KEY
#if defined(__i386)
# define KEY '_','_','i','3','8','6'
#elif defined(__x86_64)
# define KEY '_','_','x','8','6','_','6','4'
#elif defined(__PPC64__)
# define KEY '_','_','P','P','C','6','4','_','_'
#elif defined(__ppc64__)
# define KEY '_','_','p','p','c','6','4','_','_'
#elif defined(__PPC__)
# define KEY '_','_','P','P','C','_','_'
#elif defined(__ppc__)
# define KEY '_','_','p','p','c','_','_'
#elif defined(__aarch64__)
# define KEY '_','_','a','a','r','c','h','6','4','_','_'
#elif defined(__ARM_ARCH_7A__)
# define KEY '_','_','A','R','M','_','A','R','C','H','_','7','A','_','_'
#elif defined(__ARM_ARCH_7S__)
# define KEY '_','_','A','R','M','_','A','R','C','H','_','7','S','_','_'
#endif

#define SIZE (sizeof(INT8))
static char info_size[] =  {'I', 'N', 'F', 'O', ':', 's','i','z','e','[',
  ('0' + ((SIZE / 10000)%10)),
  ('0' + ((SIZE / 1000)%10)),
  ('0' + ((SIZE / 100)%10)),
  ('0' + ((SIZE / 10)%10)),
  ('0' +  (SIZE    % 10)),
  ']',
#ifdef KEY
  ' ','k','e','y','[', KEY, ']',
#endif
  '\0'};

#ifdef __CLASSIC_C__
int main(argc, argv) int argc; char *argv[];
#else
int main(int argc, char *argv[])
#endif
{
  int require = 0;
  require += info_size[argc];
  (void)argv;
  return require;
}


Determining size of INT16 failed with the following output:
Change Dir: /root/shootAnalyzer/.buildozer/android/platform/build-arm64-v8a/build/other_builds/opencv/arm64-v8a__ndk_target_21/opencv/build/CMakeFiles/CMakeTmp

Run Build Command(s):/usr/bin/gmake -f Makefile cmTC_242bd/fast && make -j16  -f CMakeFiles/cmTC_242bd.dir/build.make CMakeFiles/cmTC_242bd.dir/build
make[1]: Entering directory '/root/shootAnalyzer/.buildozer/android/platform/build-arm64-v8a/build/other_builds/opencv/arm64-v8a__ndk_target_21/opencv/build/CMakeFiles/CMakeTmp'
Building C object CMakeFiles/cmTC_242bd.dir/int16.c.o
/root/.buildozer/android/platform/android-ndk-r25b/toolchains/llvm/prebuilt/linux-x86_64/bin/clang --target=aarch64-none-linux-android21 --sysroot=/root/.buildozer/android/platform/android-ndk-r25b/toolchains/llvm/prebuilt/linux-x86_64/sysroot   -g -DANDROID -fdata-sections -ffunction-sections -funwind-tables -fstack-protector-strong -no-canonical-prefixes -D_FORTIFY_SOURCE=2 -Wformat -Werror=format-security    -fsigned-char -W -Wall -Werror=return-type -Werror=non-virtual-dtor -Werror=address -Werror=sequence-point -Wformat -Werror=format-security -Wmissing-declarations -Wmissing-prototypes -Wstrict-prototypes -Wundef -Winit-self -Wpointer-arith -Wshadow -Wsign-promo -Wuninitialized -Winconsistent-missing-override -Wno-delete-non-virtual-dtor -Wno-unnamed-type-template-args -Wno-comment -Wno-deprecated-enum-enum-conversion -Wno-deprecated-anon-enum-enum-conversion -fdiagnostics-show-option -Qunused-arguments -ffunction-sections -fdata-sections    -fvisibility=hidden -fvisibility-inlines-hidden  -O3 -DNDEBUG   -DNDEBUG -fPIE -MD -MT CMakeFiles/cmTC_242bd.dir/int16.c.o -MF CMakeFiles/cmTC_242bd.dir/int16.c.o.d -o CMakeFiles/cmTC_242bd.dir/int16.c.o -c /root/shootAnalyzer/.buildozer/android/platform/build-arm64-v8a/build/other_builds/opencv/arm64-v8a__ndk_target_21/opencv/build/CMakeFiles/CheckTypeSize/int16.c
/root/shootAnalyzer/.buildozer/android/platform/build-arm64-v8a/build/other_builds/opencv/arm64-v8a__ndk_target_21/opencv/build/CMakeFiles/CheckTypeSize/int16.c:29:12: error: use of undeclared identifier 'INT16'
  ('0' + ((SIZE / 10000)%10)),
           ^
/root/shootAnalyzer/.buildozer/android/platform/build-arm64-v8a/build/other_builds/opencv/arm64-v8a__ndk_target_21/opencv/build/CMakeFiles/CheckTypeSize/int16.c:27:22: note: expanded from macro 'SIZE'
#define SIZE (sizeof(INT16))
                     ^
/root/shootAnalyzer/.buildozer/android/platform/build-arm64-v8a/build/other_builds/opencv/arm64-v8a__ndk_target_21/opencv/build/CMakeFiles/CheckTypeSize/int16.c:30:12: error: use of undeclared identifier 'INT16'
  ('0' + ((SIZE / 1000)%10)),
           ^
/root/shootAnalyzer/.buildozer/android/platform/build-arm64-v8a/build/other_builds/opencv/arm64-v8a__ndk_target_21/opencv/build/CMakeFiles/CheckTypeSize/int16.c:27:22: note: expanded from macro 'SIZE'
#define SIZE (sizeof(INT16))
                     ^
/root/shootAnalyzer/.buildozer/android/platform/build-arm64-v8a/build/other_builds/opencv/arm64-v8a__ndk_target_21/opencv/build/CMakeFiles/CheckTypeSize/int16.c:31:12: error: use of undeclared identifier 'INT16'
  ('0' + ((SIZE / 100)%10)),
           ^
/root/shootAnalyzer/.buildozer/android/platform/build-arm64-v8a/build/other_builds/opencv/arm64-v8a__ndk_target_21/opencv/build/CMakeFiles/CheckTypeSize/int16.c:27:22: note: expanded from macro 'SIZE'
#define SIZE (sizeof(INT16))
                     ^
/root/shootAnalyzer/.buildozer/android/platform/build-arm64-v8a/build/other_builds/opencv/arm64-v8a__ndk_target_21/opencv/build/CMakeFiles/CheckTypeSize/int16.c:32:12: error: use of undeclared identifier 'INT16'
  ('0' + ((SIZE / 10)%10)),
           ^
/root/shootAnalyzer/.buildozer/android/platform/build-arm64-v8a/build/other_builds/opencv/arm64-v8a__ndk_target_21/opencv/build/CMakeFiles/CheckTypeSize/int16.c:27:22: note: expanded from macro 'SIZE'
#define SIZE (sizeof(INT16))
                     ^
/root/shootAnalyzer/.buildozer/android/platform/build-arm64-v8a/build/other_builds/opencv/arm64-v8a__ndk_target_21/opencv/build/CMakeFiles/CheckTypeSize/int16.c:33:12: error: use of undeclared identifier 'INT16'
  ('0' +  (SIZE    % 10)),
           ^
/root/shootAnalyzer/.buildozer/android/platform/build-arm64-v8a/build/other_builds/opencv/arm64-v8a__ndk_target_21/opencv/build/CMakeFiles/CheckTypeSize/int16.c:27:22: note: expanded from macro 'SIZE'
#define SIZE (sizeof(INT16))
                     ^
5 errors generated.
make[1]: *** [CMakeFiles/cmTC_242bd.dir/build.make:79: CMakeFiles/cmTC_242bd.dir/int16.c.o] Error 1
make[1]: Leaving directory '/root/shootAnalyzer/.buildozer/android/platform/build-arm64-v8a/build/other_builds/opencv/arm64-v8a__ndk_target_21/opencv/build/CMakeFiles/CMakeTmp'
gmake: *** [Makefile:127: cmTC_242bd/fast] Error 2


/root/shootAnalyzer/.buildozer/android/platform/build-arm64-v8a/build/other_builds/opencv/arm64-v8a__ndk_target_21/opencv/build/CMakeFiles/CheckTypeSize/int16.c:
#include <sys/types.h>
#include <stdint.h>
#include <stddef.h>


#undef KEY
#if defined(__i386)
# define KEY '_','_','i','3','8','6'
#elif defined(__x86_64)
# define KEY '_','_','x','8','6','_','6','4'
#elif defined(__PPC64__)
# define KEY '_','_','P','P','C','6','4','_','_'
#elif defined(__ppc64__)
# define KEY '_','_','p','p','c','6','4','_','_'
#elif defined(__PPC__)
# define KEY '_','_','P','P','C','_','_'
#elif defined(__ppc__)
# define KEY '_','_','p','p','c','_','_'
#elif defined(__aarch64__)
# define KEY '_','_','a','a','r','c','h','6','4','_','_'
#elif defined(__ARM_ARCH_7A__)
# define KEY '_','_','A','R','M','_','A','R','C','H','_','7','A','_','_'
#elif defined(__ARM_ARCH_7S__)
# define KEY '_','_','A','R','M','_','A','R','C','H','_','7','S','_','_'
#endif

#define SIZE (sizeof(INT16))
static char info_size[] =  {'I', 'N', 'F', 'O', ':', 's','i','z','e','[',
  ('0' + ((SIZE / 10000)%10)),
  ('0' + ((SIZE / 1000)%10)),
  ('0' + ((SIZE / 100)%10)),
  ('0' + ((SIZE / 10)%10)),
  ('0' +  (SIZE    % 10)),
  ']',
#ifdef KEY
  ' ','k','e','y','[', KEY, ']',
#endif
  '\0'};

#ifdef __CLASSIC_C__
int main(argc, argv) int argc; char *argv[];
#else
int main(int argc, char *argv[])
#endif
{
  int require = 0;
  require += info_size[argc];
  (void)argv;
  return require;
}


Determining size of INT32 failed with the following output:
Change Dir: /root/shootAnalyzer/.buildozer/android/platform/build-arm64-v8a/build/other_builds/opencv/arm64-v8a__ndk_target_21/opencv/build/CMakeFiles/CMakeTmp

Run Build Command(s):/usr/bin/gmake -f Makefile cmTC_3d97e/fast && make -j16  -f CMakeFiles/cmTC_3d97e.dir/build.make CMakeFiles/cmTC_3d97e.dir/build
make[1]: Entering directory '/root/shootAnalyzer/.buildozer/android/platform/build-arm64-v8a/build/other_builds/opencv/arm64-v8a__ndk_target_21/opencv/build/CMakeFiles/CMakeTmp'
Building C object CMakeFiles/cmTC_3d97e.dir/int32.c.o
/root/.buildozer/android/platform/android-ndk-r25b/toolchains/llvm/prebuilt/linux-x86_64/bin/clang --target=aarch64-none-linux-android21 --sysroot=/root/.buildozer/android/platform/android-ndk-r25b/toolchains/llvm/prebuilt/linux-x86_64/sysroot   -g -DANDROID -fdata-sections -ffunction-sections -funwind-tables -fstack-protector-strong -no-canonical-prefixes -D_FORTIFY_SOURCE=2 -Wformat -Werror=format-security    -fsigned-char -W -Wall -Werror=return-type -Werror=non-virtual-dtor -Werror=address -Werror=sequence-point -Wformat -Werror=format-security -Wmissing-declarations -Wmissing-prototypes -Wstrict-prototypes -Wundef -Winit-self -Wpointer-arith -Wshadow -Wsign-promo -Wuninitialized -Winconsistent-missing-override -Wno-delete-non-virtual-dtor -Wno-unnamed-type-template-args -Wno-comment -Wno-deprecated-enum-enum-conversion -Wno-deprecated-anon-enum-enum-conversion -fdiagnostics-show-option -Qunused-arguments -ffunction-sections -fdata-sections    -fvisibility=hidden -fvisibility-inlines-hidden  -O3 -DNDEBUG   -DNDEBUG -fPIE -MD -MT CMakeFiles/cmTC_3d97e.dir/int32.c.o -MF CMakeFiles/cmTC_3d97e.dir/int32.c.o.d -o CMakeFiles/cmTC_3d97e.dir/int32.c.o -c /root/shootAnalyzer/.buildozer/android/platform/build-arm64-v8a/build/other_builds/opencv/arm64-v8a__ndk_target_21/opencv/build/CMakeFiles/CheckTypeSize/int32.c
/root/shootAnalyzer/.buildozer/android/platform/build-arm64-v8a/build/other_builds/opencv/arm64-v8a__ndk_target_21/opencv/build/CMakeFiles/CheckTypeSize/int32.c:29:12: error: use of undeclared identifier 'INT32'
  ('0' + ((SIZE / 10000)%10)),
           ^
/root/shootAnalyzer/.buildozer/android/platform/build-arm64-v8a/build/other_builds/opencv/arm64-v8a__ndk_target_21/opencv/build/CMakeFiles/CheckTypeSize/int32.c:27:22: note: expanded from macro 'SIZE'
#define SIZE (sizeof(INT32))
                     ^
/root/shootAnalyzer/.buildozer/android/platform/build-arm64-v8a/build/other_builds/opencv/arm64-v8a__ndk_target_21/opencv/build/CMakeFiles/CheckTypeSize/int32.c:30:12: error: use of undeclared identifier 'INT32'
  ('0' + ((SIZE / 1000)%10)),
           ^
/root/shootAnalyzer/.buildozer/android/platform/build-arm64-v8a/build/other_builds/opencv/arm64-v8a__ndk_target_21/opencv/build/CMakeFiles/CheckTypeSize/int32.c:27:22: note: expanded from macro 'SIZE'
#define SIZE (sizeof(INT32))
                     ^
/root/shootAnalyzer/.buildozer/android/platform/build-arm64-v8a/build/other_builds/opencv/arm64-v8a__ndk_target_21/opencv/build/CMakeFiles/CheckTypeSize/int32.c:31:12: error: use of undeclared identifier 'INT32'
  ('0' + ((SIZE / 100)%10)),
           ^
/root/shootAnalyzer/.buildozer/android/platform/build-arm64-v8a/build/other_builds/opencv/arm64-v8a__ndk_target_21/opencv/build/CMakeFiles/CheckTypeSize/int32.c:27:22: note: expanded from macro 'SIZE'
#define SIZE (sizeof(INT32))
                     ^
/root/shootAnalyzer/.buildozer/android/platform/build-arm64-v8a/build/other_builds/opencv/arm64-v8a__ndk_target_21/opencv/build/CMakeFiles/CheckTypeSize/int32.c:32:12: error: use of undeclared identifier 'INT32'
  ('0' + ((SIZE / 10)%10)),
           ^
/root/shootAnalyzer/.buildozer/android/platform/build-arm64-v8a/build/other_builds/opencv/arm64-v8a__ndk_target_21/opencv/build/CMakeFiles/CheckTypeSize/int32.c:27:22: note: expanded from macro 'SIZE'
#define SIZE (sizeof(INT32))
                     ^
/root/shootAnalyzer/.buildozer/android/platform/build-arm64-v8a/build/other_builds/opencv/arm64-v8a__ndk_target_21/opencv/build/CMakeFiles/CheckTypeSize/int32.c:33:12: error: use of undeclared identifier 'INT32'
  ('0' +  (SIZE    % 10)),
           ^
/root/shootAnalyzer/.buildozer/android/platform/build-arm64-v8a/build/other_builds/opencv/arm64-v8a__ndk_target_21/opencv/build/CMakeFiles/CheckTypeSize/int32.c:27:22: note: expanded from macro 'SIZE'
#define SIZE (sizeof(INT32))
                     ^
5 errors generated.
make[1]: *** [CMakeFiles/cmTC_3d97e.dir/build.make:79: CMakeFiles/cmTC_3d97e.dir/int32.c.o] Error 1
make[1]: Leaving directory '/root/shootAnalyzer/.buildozer/android/platform/build-arm64-v8a/build/other_builds/opencv/arm64-v8a__ndk_target_21/opencv/build/CMakeFiles/CMakeTmp'
gmake: *** [Makefile:127: cmTC_3d97e/fast] Error 2


/root/shootAnalyzer/.buildozer/android/platform/build-arm64-v8a/build/other_builds/opencv/arm64-v8a__ndk_target_21/opencv/build/CMakeFiles/CheckTypeSize/int32.c:
#include <sys/types.h>
#include <stdint.h>
#include <stddef.h>


#undef KEY
#if defined(__i386)
# define KEY '_','_','i','3','8','6'
#elif defined(__x86_64)
# define KEY '_','_','x','8','6','_','6','4'
#elif defined(__PPC64__)
# define KEY '_','_','P','P','C','6','4','_','_'
#elif defined(__ppc64__)
# define KEY '_','_','p','p','c','6','4','_','_'
#elif defined(__PPC__)
# define KEY '_','_','P','P','C','_','_'
#elif defined(__ppc__)
# define KEY '_','_','p','p','c','_','_'
#elif defined(__aarch64__)
# define KEY '_','_','a','a','r','c','h','6','4','_','_'
#elif defined(__ARM_ARCH_7A__)
# define KEY '_','_','A','R','M','_','A','R','C','H','_','7','A','_','_'
#elif defined(__ARM_ARCH_7S__)
# define KEY '_','_','A','R','M','_','A','R','C','H','_','7','S','_','_'
#endif

#define SIZE (sizeof(INT32))
static char info_size[] =  {'I', 'N', 'F', 'O', ':', 's','i','z','e','[',
  ('0' + ((SIZE / 10000)%10)),
  ('0' + ((SIZE / 1000)%10)),
  ('0' + ((SIZE / 100)%10)),
  ('0' + ((SIZE / 10)%10)),
  ('0' +  (SIZE    % 10)),
  ']',
#ifdef KEY
  ' ','k','e','y','[', KEY, ']',
#endif
  '\0'};

#ifdef __CLASSIC_C__
int main(argc, argv) int argc; char *argv[];
#else
int main(int argc, char *argv[])
#endif
{
  int require = 0;
  require += info_size[argc];
  (void)argv;
  return require;
}


Determining if the function setmode exists failed with the following output:
Change Dir: /root/shootAnalyzer/.buildozer/android/platform/build-arm64-v8a/build/other_builds/opencv/arm64-v8a__ndk_target_21/opencv/build/CMakeFiles/CMakeTmp

Run Build Command(s):/usr/bin/gmake -f Makefile cmTC_1f2d4/fast && make -j16  -f CMakeFiles/cmTC_1f2d4.dir/build.make CMakeFiles/cmTC_1f2d4.dir/build
make[1]: Entering directory '/root/shootAnalyzer/.buildozer/android/platform/build-arm64-v8a/build/other_builds/opencv/arm64-v8a__ndk_target_21/opencv/build/CMakeFiles/CMakeTmp'
Building C object CMakeFiles/cmTC_1f2d4.dir/CheckFunctionExists.c.o
/root/.buildozer/android/platform/android-ndk-r25b/toolchains/llvm/prebuilt/linux-x86_64/bin/clang --target=aarch64-none-linux-android21 --sysroot=/root/.buildozer/android/platform/android-ndk-r25b/toolchains/llvm/prebuilt/linux-x86_64/sysroot   -g -DANDROID -fdata-sections -ffunction-sections -funwind-tables -fstack-protector-strong -no-canonical-prefixes -D_FORTIFY_SOURCE=2 -Wformat -Werror=format-security    -fsigned-char -W -Wall -Werror=return-type -Werror=non-virtual-dtor -Werror=address -Werror=sequence-point -Wformat -Werror=format-security -Wmissing-declarations -Wmissing-prototypes -Wstrict-prototypes -Wundef -Winit-self -Wpointer-arith -Wshadow -Wsign-promo -Wuninitialized -Winconsistent-missing-override -Wno-delete-non-virtual-dtor -Wno-unnamed-type-template-args -Wno-comment -Wno-deprecated-enum-enum-conversion -Wno-deprecated-anon-enum-enum-conversion -fdiagnostics-show-option -Qunused-arguments -ffunction-sections -fdata-sections    -fvisibility=hidden -fvisibility-inlines-hidden -DCHECK_FUNCTION_EXISTS=setmode -O3 -DNDEBUG   -DNDEBUG -fPIE -MD -MT CMakeFiles/cmTC_1f2d4.dir/CheckFunctionExists.c.o -MF CMakeFiles/cmTC_1f2d4.dir/CheckFunctionExists.c.o.d -o CMakeFiles/cmTC_1f2d4.dir/CheckFunctionExists.c.o -c /usr/share/cmake-3.22/Modules/CheckFunctionExists.c
Linking C executable cmTC_1f2d4
/usr/bin/cmake -E cmake_link_script CMakeFiles/cmTC_1f2d4.dir/link.txt --verbose=1
/root/.buildozer/android/platform/android-ndk-r25b/toolchains/llvm/prebuilt/linux-x86_64/bin/clang --target=aarch64-none-linux-android21 --sysroot=/root/.buildozer/android/platform/android-ndk-r25b/toolchains/llvm/prebuilt/linux-x86_64/sysroot -g -DANDROID -fdata-sections -ffunction-sections -funwind-tables -fstack-protector-strong -no-canonical-prefixes -D_FORTIFY_SOURCE=2 -Wformat -Werror=format-security    -fsigned-char -W -Wall -Werror=return-type -Werror=non-virtual-dtor -Werror=address -Werror=sequence-point -Wformat -Werror=format-security -Wmissing-declarations -Wmissing-prototypes -Wstrict-prototypes -Wundef -Winit-self -Wpointer-arith -Wshadow -Wsign-promo -Wuninitialized -Winconsistent-missing-override -Wno-delete-non-virtual-dtor -Wno-unnamed-type-template-args -Wno-comment -Wno-deprecated-enum-enum-conversion -Wno-deprecated-anon-enum-enum-conversion -fdiagnostics-show-option -Qunused-arguments -ffunction-sections -fdata-sections    -fvisibility=hidden -fvisibility-inlines-hidden -DCHECK_FUNCTION_EXISTS=setmode -O3 -DNDEBUG   -DNDEBUG -static-libstdc++ -Wl,--build-id=sha1 -Wl,--no-rosegment -Wl,--fatal-warnings -Wl,--gc-sections -Wl,--no-undefined -Qunused-arguments -Wl,--gc-sections   -Wl,--gc-sections -Wl,--as-needed  CMakeFiles/cmTC_1f2d4.dir/CheckFunctionExists.c.o -o cmTC_1f2d4  -latomic -lm 
ld: error: undefined symbol: setmode
>>> referenced by CheckFunctionExists.c:17 (/usr/share/cmake-3.22/Modules/CheckFunctionExists.c:17)
>>>               CMakeFiles/cmTC_1f2d4.dir/CheckFunctionExists.c.o:(main)
clang: error: linker command failed with exit code 1 (use -v to see invocation)
make[1]: *** [CMakeFiles/cmTC_1f2d4.dir/build.make:100: cmTC_1f2d4] Error 1
make[1]: Leaving directory '/root/shootAnalyzer/.buildozer/android/platform/build-arm64-v8a/build/other_builds/opencv/arm64-v8a__ndk_target_21/opencv/build/CMakeFiles/CMakeTmp'
gmake: *** [Makefile:127: cmTC_1f2d4/fast] Error 2



Build output check failed:
    Regex: 'unknown .*option'
    Output line: 'warning: unknown warning option '-Wno-maybe-uninitialized', did you mean '-Wno-uninitialized'? [-Wunknown-warning-option]'
Compilation failed:
    source file: '/root/shootAnalyzer/.buildozer/android/platform/build-arm64-v8a/build/other_builds/opencv/arm64-v8a__ndk_target_21/opencv/build/CMakeFiles/CMakeTmp/src.c'
    check option: ' -Wno-maybe-uninitialized'
===== BUILD LOG =====
Change Dir: /root/shootAnalyzer/.buildozer/android/platform/build-arm64-v8a/build/other_builds/opencv/arm64-v8a__ndk_target_21/opencv/build/CMakeFiles/CMakeTmp

Run Build Command(s):/usr/bin/gmake -f Makefile cmTC_16fd9/fast && make -j16  -f CMakeFiles/cmTC_16fd9.dir/build.make CMakeFiles/cmTC_16fd9.dir/build
make[1]: Entering directory '/root/shootAnalyzer/.buildozer/android/platform/build-arm64-v8a/build/other_builds/opencv/arm64-v8a__ndk_target_21/opencv/build/CMakeFiles/CMakeTmp'
Building C object CMakeFiles/cmTC_16fd9.dir/src.c.o
/root/.buildozer/android/platform/android-ndk-r25b/toolchains/llvm/prebuilt/linux-x86_64/bin/clang --target=aarch64-none-linux-android21 --sysroot=/root/.buildozer/android/platform/android-ndk-r25b/toolchains/llvm/prebuilt/linux-x86_64/sysroot   -g -DANDROID -fdata-sections -ffunction-sections -funwind-tables -fstack-protector-strong -no-canonical-prefixes -D_FORTIFY_SOURCE=2 -Wformat -Werror=format-security    -fsigned-char -W -Wall -Werror=return-type -Werror=non-virtual-dtor -Werror=address -Werror=sequence-point -Wformat -Werror=format-security -Wstrict-prototypes -Winit-self -Wpointer-arith -Wsign-promo -Wuninitialized -Winconsistent-missing-override -Wno-delete-non-virtual-dtor -Wno-unnamed-type-template-args -Wno-comment -Wno-deprecated-enum-enum-conversion -Wno-deprecated-anon-enum-enum-conversion -fdiagnostics-show-option -Qunused-arguments -ffunction-sections -fdata-sections    -fvisibility=hidden -fvisibility-inlines-hidden -Wno-unused-but-set-variable -Wno-missing-prototypes -Wno-missing-declarations -Wno-undef -Wno-unused -Wno-sign-compare -Wno-cast-align -Wno-shadow  -O3 -DNDEBUG   -DNDEBUG -fPIE    -Wno-maybe-uninitialized -MD -MT CMakeFiles/cmTC_16fd9.dir/src.c.o -MF CMakeFiles/cmTC_16fd9.dir/src.c.o.d -o CMakeFiles/cmTC_16fd9.dir/src.c.o -c /root/shootAnalyzer/.buildozer/android/platform/build-arm64-v8a/build/other_builds/opencv/arm64-v8a__ndk_target_21/opencv/build/CMakeFiles/CMakeTmp/src.c
warning: unknown warning option '-Wno-maybe-uninitialized'; did you mean '-Wno-uninitialized'? [-Wunknown-warning-option]
/root/shootAnalyzer/.buildozer/android/platform/build-arm64-v8a/build/other_builds/opencv/arm64-v8a__ndk_target_21/opencv/build/CMakeFiles/CMakeTmp/src.c:1:8: warning: unknown pragma ignored [-Wunknown-pragmas]
#pragma
       ^
2 warnings generated.
Linking C executable cmTC_16fd9
/usr/bin/cmake -E cmake_link_script CMakeFiles/cmTC_16fd9.dir/link.txt --verbose=1
/root/.buildozer/android/platform/android-ndk-r25b/toolchains/llvm/prebuilt/linux-x86_64/bin/clang --target=aarch64-none-linux-android21 --sysroot=/root/.buildozer/android/platform/android-ndk-r25b/toolchains/llvm/prebuilt/linux-x86_64/sysroot -g -DANDROID -fdata-sections -ffunction-sections -funwind-tables -fstack-protector-strong -no-canonical-prefixes -D_FORTIFY_SOURCE=2 -Wformat -Werror=format-security    -fsigned-char -W -Wall -Werror=return-type -Werror=non-virtual-dtor -Werror=address -Werror=sequence-point -Wformat -Werror=format-security -Wstrict-prototypes -Winit-self -Wpointer-arith -Wsign-promo -Wuninitialized -Winconsistent-missing-override -Wno-delete-non-virtual-dtor -Wno-unnamed-type-template-args -Wno-comment -Wno-deprecated-enum-enum-conversion -Wno-deprecated-anon-enum-enum-conversion -fdiagnostics-show-option -Qunused-arguments -ffunction-sections -fdata-sections    -fvisibility=hidden -fvisibility-inlines-hidden -Wno-unused-but-set-variable -Wno-missing-prototypes -Wno-missing-declarations -Wno-undef -Wno-unused -Wno-sign-compare -Wno-cast-align -Wno-shadow  -O3 -DNDEBUG   -DNDEBUG -static-libstdc++ -Wl,--build-id=sha1 -Wl,--no-rosegment -Wl,--fatal-warnings -Wl,--gc-sections -Wl,--no-undefined -Qunused-arguments -Wl,--gc-sections   -Wl,--gc-sections -Wl,--as-needed  CMakeFiles/cmTC_16fd9.dir/src.c.o -o cmTC_16fd9  -latomic -lm 
make[1]: Leaving directory '/root/shootAnalyzer/.buildozer/android/platform/build-arm64-v8a/build/other_builds/opencv/arm64-v8a__ndk_target_21/opencv/build/CMakeFiles/CMakeTmp'


===== END =====

Determining if the _aligned_malloc exist failed with the following output:
Change Dir: /root/shootAnalyzer/.buildozer/android/platform/build-arm64-v8a/build/other_builds/opencv/arm64-v8a__ndk_target_21/opencv/build/CMakeFiles/CMakeTmp

Run Build Command(s):/usr/bin/gmake -f Makefile cmTC_35a9d/fast && make -j16  -f CMakeFiles/cmTC_35a9d.dir/build.make CMakeFiles/cmTC_35a9d.dir/build
make[1]: Entering directory '/root/shootAnalyzer/.buildozer/android/platform/build-arm64-v8a/build/other_builds/opencv/arm64-v8a__ndk_target_21/opencv/build/CMakeFiles/CMakeTmp'
Building C object CMakeFiles/cmTC_35a9d.dir/CheckSymbolExists.c.o
/root/.buildozer/android/platform/android-ndk-r25b/toolchains/llvm/prebuilt/linux-x86_64/bin/clang --target=aarch64-none-linux-android21 --sysroot=/root/.buildozer/android/platform/android-ndk-r25b/toolchains/llvm/prebuilt/linux-x86_64/sysroot   -g -DANDROID -fdata-sections -ffunction-sections -funwind-tables -fstack-protector-strong -no-canonical-prefixes -D_FORTIFY_SOURCE=2 -Wformat    -fsigned-char -W -Wall    -Wformat -Wmissing-declarations -Wmissing-prototypes -Wstrict-prototypes -Wundef -Winit-self -Wpointer-arith -Wshadow -Wsign-promo -Wuninitialized -Winconsistent-missing-override -Wno-delete-non-virtual-dtor -Wno-unnamed-type-template-args -Wno-comment -Wno-deprecated-enum-enum-conversion -Wno-deprecated-anon-enum-enum-conversion -fdiagnostics-show-option -Qunused-arguments -ffunction-sections -fdata-sections    -fvisibility=hidden -fvisibility-inlines-hidden -Wno-implicit-const-int-float-conversion  -O3 -DNDEBUG   -DNDEBUG -fPIE -MD -MT CMakeFiles/cmTC_35a9d.dir/CheckSymbolExists.c.o -MF CMakeFiles/cmTC_35a9d.dir/CheckSymbolExists.c.o.d -o CMakeFiles/cmTC_35a9d.dir/CheckSymbolExists.c.o -c /root/shootAnalyzer/.buildozer/android/platform/build-arm64-v8a/build/other_builds/opencv/arm64-v8a__ndk_target_21/opencv/build/CMakeFiles/CMakeTmp/CheckSymbolExists.c
/root/shootAnalyzer/.buildozer/android/platform/build-arm64-v8a/build/other_builds/opencv/arm64-v8a__ndk_target_21/opencv/build/CMakeFiles/CMakeTmp/CheckSymbolExists.c:8:19: error: use of undeclared identifier '_aligned_malloc'
  return ((int*)(&_aligned_malloc))[argc];
                  ^
1 error generated.
make[1]: *** [CMakeFiles/cmTC_35a9d.dir/build.make:79: CMakeFiles/cmTC_35a9d.dir/CheckSymbolExists.c.o] Error 1
make[1]: Leaving directory '/root/shootAnalyzer/.buildozer/android/platform/build-arm64-v8a/build/other_builds/opencv/arm64-v8a__ndk_target_21/opencv/build/CMakeFiles/CMakeTmp'
gmake: *** [Makefile:127: cmTC_35a9d/fast] Error 2


File /root/shootAnalyzer/.buildozer/android/platform/build-arm64-v8a/build/other_builds/opencv/arm64-v8a__ndk_target_21/opencv/build/CMakeFiles/CMakeTmp/CheckSymbolExists.c:
/* */
#include <malloc.h>

int main(int argc, char** argv)
{
  (void)argv;
#ifndef _aligned_malloc
  return ((int*)(&_aligned_malloc))[argc];
#else
  (void)argc;
  return 0;
#endif
}
Performing C SOURCE FILE Test CMAKE_HAVE_LIBC_PTHREAD failed with the following output:
Change Dir: /root/shootAnalyzer/.buildozer/android/platform/build-arm64-v8a/build/other_builds/opencv/arm64-v8a__ndk_target_21/opencv/build/CMakeFiles/CMakeTmp

Run Build Command(s):/usr/bin/gmake -f Makefile cmTC_93f35/fast && make -j16  -f CMakeFiles/cmTC_93f35.dir/build.make CMakeFiles/cmTC_93f35.dir/build
make[1]: Entering directory '/root/shootAnalyzer/.buildozer/android/platform/build-arm64-v8a/build/other_builds/opencv/arm64-v8a__ndk_target_21/opencv/build/CMakeFiles/CMakeTmp'
Building C object CMakeFiles/cmTC_93f35.dir/src.c.o
/root/.buildozer/android/platform/android-ndk-r25b/toolchains/llvm/prebuilt/linux-x86_64/bin/clang --target=aarch64-none-linux-android21 --sysroot=/root/.buildozer/android/platform/android-ndk-r25b/toolchains/llvm/prebuilt/linux-x86_64/sysroot -DCMAKE_HAVE_LIBC_PTHREAD  -g -DANDROID -fdata-sections -ffunction-sections -funwind-tables -fstack-protector-strong -no-canonical-prefixes -D_FORTIFY_SOURCE=2 -Wformat -Werror=format-security    -fsigned-char -W -Wall -Werror=return-type -Werror=non-virtual-dtor -Werror=address -Werror=sequence-point -Wformat -Werror=format-security -Wmissing-declarations -Wmissing-prototypes -Winit-self -Wpointer-arith -Wshadow -Wsign-promo -Wuninitialized -Winconsistent-missing-override -Wno-delete-non-virtual-dtor -Wno-unnamed-type-template-args -Wno-comment -Wno-deprecated-enum-enum-conversion -Wno-deprecated-anon-enum-enum-conversion -fdiagnostics-show-option -Qunused-arguments -ffunction-sections -fdata-sections    -fvisibility=hidden -fvisibility-inlines-hidden -Wno-implicit-const-int-float-conversion -Wno-undef -Wno-strict-prototypes -Wno-cast-function-type  -O3 -DNDEBUG   -DNDEBUG -fPIE -MD -MT CMakeFiles/cmTC_93f35.dir/src.c.o -MF CMakeFiles/cmTC_93f35.dir/src.c.o.d -o CMakeFiles/cmTC_93f35.dir/src.c.o -c /root/shootAnalyzer/.buildozer/android/platform/build-arm64-v8a/build/other_builds/opencv/arm64-v8a__ndk_target_21/opencv/build/CMakeFiles/CMakeTmp/src.c
/root/shootAnalyzer/.buildozer/android/platform/build-arm64-v8a/build/other_builds/opencv/arm64-v8a__ndk_target_21/opencv/build/CMakeFiles/CMakeTmp/src.c:13:3: warning: implicit declaration of function 'pthread_cancel' is invalid in C99 [-Wimplicit-function-declaration]
  pthread_cancel(thread);
  ^
1 warning generated.
Linking C executable cmTC_93f35
/usr/bin/cmake -E cmake_link_script CMakeFiles/cmTC_93f35.dir/link.txt --verbose=1
/root/.buildozer/android/platform/android-ndk-r25b/toolchains/llvm/prebuilt/linux-x86_64/bin/clang --target=aarch64-none-linux-android21 --sysroot=/root/.buildozer/android/platform/android-ndk-r25b/toolchains/llvm/prebuilt/linux-x86_64/sysroot -g -DANDROID -fdata-sections -ffunction-sections -funwind-tables -fstack-protector-strong -no-canonical-prefixes -D_FORTIFY_SOURCE=2 -Wformat -Werror=format-security    -fsigned-char -W -Wall -Werror=return-type -Werror=non-virtual-dtor -Werror=address -Werror=sequence-point -Wformat -Werror=format-security -Wmissing-declarations -Wmissing-prototypes -Winit-self -Wpointer-arith -Wshadow -Wsign-promo -Wuninitialized -Winconsistent-missing-override -Wno-delete-non-virtual-dtor -Wno-unnamed-type-template-args -Wno-comment -Wno-deprecated-enum-enum-conversion -Wno-deprecated-anon-enum-enum-conversion -fdiagnostics-show-option -Qunused-arguments -ffunction-sections -fdata-sections    -fvisibility=hidden -fvisibility-inlines-hidden -Wno-implicit-const-int-float-conversion -Wno-undef -Wno-strict-prototypes -Wno-cast-function-type  -O3 -DNDEBUG   -DNDEBUG -static-libstdc++ -Wl,--build-id=sha1 -Wl,--no-rosegment -Wl,--fatal-warnings -Wl,--gc-sections -Wl,--no-undefined -Qunused-arguments -Wl,--gc-sections   -Wl,--gc-sections -Wl,--as-needed  CMakeFiles/cmTC_93f35.dir/src.c.o -o cmTC_93f35  -latomic -lm 
ld: error: undefined symbol: pthread_cancel
>>> referenced by src.c:13
>>>               CMakeFiles/cmTC_93f35.dir/src.c.o:(main)
clang: error: linker command failed with exit code 1 (use -v to see invocation)
make[1]: *** [CMakeFiles/cmTC_93f35.dir/build.make:100: cmTC_93f35] Error 1
make[1]: Leaving directory '/root/shootAnalyzer/.buildozer/android/platform/build-arm64-v8a/build/other_builds/opencv/arm64-v8a__ndk_target_21/opencv/build/CMakeFiles/CMakeTmp'
gmake: *** [Makefile:127: cmTC_93f35/fast] Error 2


Source file was:
#include <pthread.h>

static void* test_func(void* data)
{
  return data;
}

int main(void)
{
  pthread_t thread;
  pthread_create(&thread, NULL, test_func, NULL);
  pthread_detach(thread);
  pthread_cancel(thread);
  pthread_join(thread, NULL);
  pthread_atfork(NULL, NULL, NULL);
  pthread_exit(NULL);

  return 0;
}

Determining if the function pthread_create exists in the pthreads failed with the following output:
Change Dir: /root/shootAnalyzer/.buildozer/android/platform/build-arm64-v8a/build/other_builds/opencv/arm64-v8a__ndk_target_21/opencv/build/CMakeFiles/CMakeTmp

Run Build Command(s):/usr/bin/gmake -f Makefile cmTC_774db/fast && make -j16  -f CMakeFiles/cmTC_774db.dir/build.make CMakeFiles/cmTC_774db.dir/build
make[1]: Entering directory '/root/shootAnalyzer/.buildozer/android/platform/build-arm64-v8a/build/other_builds/opencv/arm64-v8a__ndk_target_21/opencv/build/CMakeFiles/CMakeTmp'
Building C object CMakeFiles/cmTC_774db.dir/CheckFunctionExists.c.o
/root/.buildozer/android/platform/android-ndk-r25b/toolchains/llvm/prebuilt/linux-x86_64/bin/clang --target=aarch64-none-linux-android21 --sysroot=/root/.buildozer/android/platform/android-ndk-r25b/toolchains/llvm/prebuilt/linux-x86_64/sysroot   -g -DANDROID -fdata-sections -ffunction-sections -funwind-tables -fstack-protector-strong -no-canonical-prefixes -D_FORTIFY_SOURCE=2 -Wformat -Werror=format-security    -fsigned-char -W -Wall -Werror=return-type -Werror=non-virtual-dtor -Werror=address -Werror=sequence-point -Wformat -Werror=format-security -Wmissing-declarations -Wmissing-prototypes -Winit-self -Wpointer-arith -Wshadow -Wsign-promo -Wuninitialized -Winconsistent-missing-override -Wno-delete-non-virtual-dtor -Wno-unnamed-type-template-args -Wno-comment -Wno-deprecated-enum-enum-conversion -Wno-deprecated-anon-enum-enum-conversion -fdiagnostics-show-option -Qunused-arguments -ffunction-sections -fdata-sections    -fvisibility=hidden -fvisibility-inlines-hidden -Wno-implicit-const-int-float-conversion -Wno-undef -Wno-strict-prototypes -Wno-cast-function-type -DCHECK_FUNCTION_EXISTS=pthread_create -O3 -DNDEBUG   -DNDEBUG -fPIE -MD -MT CMakeFiles/cmTC_774db.dir/CheckFunctionExists.c.o -MF CMakeFiles/cmTC_774db.dir/CheckFunctionExists.c.o.d -o CMakeFiles/cmTC_774db.dir/CheckFunctionExists.c.o -c /usr/share/cmake-3.22/Modules/CheckFunctionExists.c
Linking C executable cmTC_774db
/usr/bin/cmake -E cmake_link_script CMakeFiles/cmTC_774db.dir/link.txt --verbose=1
/root/.buildozer/android/platform/android-ndk-r25b/toolchains/llvm/prebuilt/linux-x86_64/bin/clang --target=aarch64-none-linux-android21 --sysroot=/root/.buildozer/android/platform/android-ndk-r25b/toolchains/llvm/prebuilt/linux-x86_64/sysroot -g -DANDROID -fdata-sections -ffunction-sections -funwind-tables -fstack-protector-strong -no-canonical-prefixes -D_FORTIFY_SOURCE=2 -Wformat -Werror=format-security    -fsigned-char -W -Wall -Werror=return-type -Werror=non-virtual-dtor -Werror=address -Werror=sequence-point -Wformat -Werror=format-security -Wmissing-declarations -Wmissing-prototypes -Winit-self -Wpointer-arith -Wshadow -Wsign-promo -Wuninitialized -Winconsistent-missing-override -Wno-delete-non-virtual-dtor -Wno-unnamed-type-template-args -Wno-comment -Wno-deprecated-enum-enum-conversion -Wno-deprecated-anon-enum-enum-conversion -fdiagnostics-show-option -Qunused-arguments -ffunction-sections -fdata-sections    -fvisibility=hidden -fvisibility-inlines-hidden -Wno-implicit-const-int-float-conversion -Wno-undef -Wno-strict-prototypes -Wno-cast-function-type -DCHECK_FUNCTION_EXISTS=pthread_create -O3 -DNDEBUG   -DNDEBUG -static-libstdc++ -Wl,--build-id=sha1 -Wl,--no-rosegment -Wl,--fatal-warnings -Wl,--gc-sections -Wl,--no-undefined -Qunused-arguments -Wl,--gc-sections   -Wl,--gc-sections -Wl,--as-needed  CMakeFiles/cmTC_774db.dir/CheckFunctionExists.c.o -o cmTC_774db  -lpthreads -latomic -lm 
ld: error: unable to find library -lpthreads
clang: error: linker command failed with exit code 1 (use -v to see invocation)
make[1]: *** [CMakeFiles/cmTC_774db.dir/build.make:100: cmTC_774db] Error 1
make[1]: Leaving directory '/root/shootAnalyzer/.buildozer/android/platform/build-arm64-v8a/build/other_builds/opencv/arm64-v8a__ndk_target_21/opencv/build/CMakeFiles/CMakeTmp'
gmake: *** [Makefile:127: cmTC_774db/fast] Error 2



Determining if the function pthread_create exists in the pthread failed with the following output:
Change Dir: /root/shootAnalyzer/.buildozer/android/platform/build-arm64-v8a/build/other_builds/opencv/arm64-v8a__ndk_target_21/opencv/build/CMakeFiles/CMakeTmp

Run Build Command(s):/usr/bin/gmake -f Makefile cmTC_aba5e/fast && make -j16  -f CMakeFiles/cmTC_aba5e.dir/build.make CMakeFiles/cmTC_aba5e.dir/build
make[1]: Entering directory '/root/shootAnalyzer/.buildozer/android/platform/build-arm64-v8a/build/other_builds/opencv/arm64-v8a__ndk_target_21/opencv/build/CMakeFiles/CMakeTmp'
Building C object CMakeFiles/cmTC_aba5e.dir/CheckFunctionExists.c.o
/root/.buildozer/android/platform/android-ndk-r25b/toolchains/llvm/prebuilt/linux-x86_64/bin/clang --target=aarch64-none-linux-android21 --sysroot=/root/.buildozer/android/platform/android-ndk-r25b/toolchains/llvm/prebuilt/linux-x86_64/sysroot   -g -DANDROID -fdata-sections -ffunction-sections -funwind-tables -fstack-protector-strong -no-canonical-prefixes -D_FORTIFY_SOURCE=2 -Wformat -Werror=format-security    -fsigned-char -W -Wall -Werror=return-type -Werror=non-virtual-dtor -Werror=address -Werror=sequence-point -Wformat -Werror=format-security -Wmissing-declarations -Wmissing-prototypes -Winit-self -Wpointer-arith -Wshadow -Wsign-promo -Wuninitialized -Winconsistent-missing-override -Wno-delete-non-virtual-dtor -Wno-unnamed-type-template-args -Wno-comment -Wno-deprecated-enum-enum-conversion -Wno-deprecated-anon-enum-enum-conversion -fdiagnostics-show-option -Qunused-arguments -ffunction-sections -fdata-sections    -fvisibility=hidden -fvisibility-inlines-hidden -Wno-implicit-const-int-float-conversion -Wno-undef -Wno-strict-prototypes -Wno-cast-function-type -DCHECK_FUNCTION_EXISTS=pthread_create -O3 -DNDEBUG   -DNDEBUG -fPIE -MD -MT CMakeFiles/cmTC_aba5e.dir/CheckFunctionExists.c.o -MF CMakeFiles/cmTC_aba5e.dir/CheckFunctionExists.c.o.d -o CMakeFiles/cmTC_aba5e.dir/CheckFunctionExists.c.o -c /usr/share/cmake-3.22/Modules/CheckFunctionExists.c
Linking C executable cmTC_aba5e
/usr/bin/cmake -E cmake_link_script CMakeFiles/cmTC_aba5e.dir/link.txt --verbose=1
/root/.buildozer/android/platform/android-ndk-r25b/toolchains/llvm/prebuilt/linux-x86_64/bin/clang --target=aarch64-none-linux-android21 --sysroot=/root/.buildozer/android/platform/android-ndk-r25b/toolchains/llvm/prebuilt/linux-x86_64/sysroot -g -DANDROID -fdata-sections -ffunction-sections -funwind-tables -fstack-protector-strong -no-canonical-prefixes -D_FORTIFY_SOURCE=2 -Wformat -Werror=format-security    -fsigned-char -W -Wall -Werror=return-type -Werror=non-virtual-dtor -Werror=address -Werror=sequence-point -Wformat -Werror=format-security -Wmissing-declarations -Wmissing-prototypes -Winit-self -Wpointer-arith -Wshadow -Wsign-promo -Wuninitialized -Winconsistent-missing-override -Wno-delete-non-virtual-dtor -Wno-unnamed-type-template-args -Wno-comment -Wno-deprecated-enum-enum-conversion -Wno-deprecated-anon-enum-enum-conversion -fdiagnostics-show-option -Qunused-arguments -ffunction-sections -fdata-sections    -fvisibility=hidden -fvisibility-inlines-hidden -Wno-implicit-const-int-float-conversion -Wno-undef -Wno-strict-prototypes -Wno-cast-function-type -DCHECK_FUNCTION_EXISTS=pthread_create -O3 -DNDEBUG   -DNDEBUG -static-libstdc++ -Wl,--build-id=sha1 -Wl,--no-rosegment -Wl,--fatal-warnings -Wl,--gc-sections -Wl,--no-undefined -Qunused-arguments -Wl,--gc-sections   -Wl,--gc-sections -Wl,--as-needed  CMakeFiles/cmTC_aba5e.dir/CheckFunctionExists.c.o -o cmTC_aba5e  -lpthread -latomic -lm 
ld: error: unable to find library -lpthread
clang: error: linker command failed with exit code 1 (use -v to see invocation)
make[1]: *** [CMakeFiles/cmTC_aba5e.dir/build.make:100: cmTC_aba5e] Error 1
make[1]: Leaving directory '/root/shootAnalyzer/.buildozer/android/platform/build-arm64-v8a/build/other_builds/opencv/arm64-v8a__ndk_target_21/opencv/build/CMakeFiles/CMakeTmp'
gmake: *** [Makefile:127: cmTC_aba5e/fast] Error 2



